<?xml version="1.0" encoding="UTF-8"?>
<!-- Generated by org.testng.reporters.JUnitReportReporter -->
<testsuite skipped="0" hostname="DESKTOP-9VN76KV" name="Application.Contact.ContactCallTest" tests="1" failures="0" timestamp="2020-06-30T20:40:33 IST" time="80.927" errors="0">
  <testcase name="ContactCall" time="80.927" classname="Application.Contact.ContactCallTest"/>
  <system-out/>
</testsuite> <!-- Application.Contact.ContactCallTest -->
