<?xml version="1.0" encoding="UTF-8"?>
<!-- Generated by org.testng.reporters.JUnitReportReporter -->
<testsuite skipped="0" hostname="DESKTOP-9VN76KV" name="Application.Contact.ContactSearchTest" tests="1" failures="0" timestamp="2020-07-01T10:38:19 IST" time="46.270" errors="0">
  <testcase name="ContactSearch" time="46.270" classname="Application.Contact.ContactSearchTest"/>
  <system-out/>
</testsuite> <!-- Application.Contact.ContactSearchTest -->
